Determining if the pthread_create exist failed with the following output:
Change Dir: /mnt/c/Users/Thomas/Documents/Modelisation/cpp/tp1_lelettyt_gardelcl/build/CMakeFiles/CMakeTmp

Run Build Command:/usr/bin/make "cmTryCompileExec2318405121/fast"
/usr/bin/make -f CMakeFiles/cmTryCompileExec2318405121.dir/build.make CMakeFiles/cmTryCompileExec2318405121.dir/build
make[1]: entrant dans le répertoire « /mnt/c/Users/Thomas/Documents/Modelisation/cpp/tp1_lelettyt_gardelcl/build/CMakeFiles/CMakeTmp »
/usr/bin/cmake -E cmake_progress_report /mnt/c/Users/Thomas/Documents/Modelisation/cpp/tp1_lelettyt_gardelcl/build/CMakeFiles/CMakeTmp/CMakeFiles 1
Building C object CMakeFiles/cmTryCompileExec2318405121.dir/CheckSymbolExists.c.o
/usr/bin/cc    -o CMakeFiles/cmTryCompileExec2318405121.dir/CheckSymbolExists.c.o   -c /mnt/c/Users/Thomas/Documents/Modelisation/cpp/tp1_lelettyt_gardelcl/build/CMakeFiles/CMakeTmp/CheckSymbolExists.c
Linking C executable cmTryCompileExec2318405121
/usr/bin/cmake -E cmake_link_script CMakeFiles/cmTryCompileExec2318405121.dir/link.txt --verbose=1
/usr/bin/cc       CMakeFiles/cmTryCompileExec2318405121.dir/CheckSymbolExists.c.o  -o cmTryCompileExec2318405121 -rdynamic 
CMakeFiles/cmTryCompileExec2318405121.dir/CheckSymbolExists.c.o : Dans la fonction « main » :
CheckSymbolExists.c:(.text+0x16) : référence indéfinie vers « pthread_create »
collect2: error: ld returned 1 exit status
make[1]: quittant le répertoire « /mnt/c/Users/Thomas/Documents/Modelisation/cpp/tp1_lelettyt_gardelcl/build/CMakeFiles/CMakeTmp »
make[1]: *** [cmTryCompileExec2318405121] Erreur 1
make: *** [cmTryCompileExec2318405121/fast] Erreur 2

File /mnt/c/Users/Thomas/Documents/Modelisation/cpp/tp1_lelettyt_gardelcl/build/CMakeFiles/CMakeTmp/CheckSymbolExists.c:
/* */
#include <pthread.h>

int main(int argc, char** argv)
{
  (void)argv;
#ifndef pthread_create
  return ((int*)(&pthread_create))[argc];
#else
  (void)argc;
  return 0;
#endif
}

Determining if the function pthread_create exists in the pthreads failed with the following output:
Change Dir: /mnt/c/Users/Thomas/Documents/Modelisation/cpp/tp1_lelettyt_gardelcl/build/CMakeFiles/CMakeTmp

Run Build Command:/usr/bin/make "cmTryCompileExec2036747642/fast"
/usr/bin/make -f CMakeFiles/cmTryCompileExec2036747642.dir/build.make CMakeFiles/cmTryCompileExec2036747642.dir/build
make[1]: entrant dans le répertoire « /mnt/c/Users/Thomas/Documents/Modelisation/cpp/tp1_lelettyt_gardelcl/build/CMakeFiles/CMakeTmp »
/usr/bin/cmake -E cmake_progress_report /mnt/c/Users/Thomas/Documents/Modelisation/cpp/tp1_lelettyt_gardelcl/build/CMakeFiles/CMakeTmp/CMakeFiles 1
Building C object CMakeFiles/cmTryCompileExec2036747642.dir/CheckFunctionExists.c.o
/usr/bin/cc   -DCHECK_FUNCTION_EXISTS=pthread_create   -o CMakeFiles/cmTryCompileExec2036747642.dir/CheckFunctionExists.c.o   -c /usr/share/cmake-2.8/Modules/CheckFunctionExists.c
Linking C executable cmTryCompileExec2036747642
/usr/bin/cmake -E cmake_link_script CMakeFiles/cmTryCompileExec2036747642.dir/link.txt --verbose=1
/usr/bin/cc   -DCHECK_FUNCTION_EXISTS=pthread_create    CMakeFiles/cmTryCompileExec2036747642.dir/CheckFunctionExists.c.o  -o cmTryCompileExec2036747642 -rdynamic -lpthreads 
/usr/bin/ld : ne peut trouver -lpthreads
collect2: error: ld returned 1 exit status
make[1]: quittant le répertoire « /mnt/c/Users/Thomas/Documents/Modelisation/cpp/tp1_lelettyt_gardelcl/build/CMakeFiles/CMakeTmp »
make[1]: *** [cmTryCompileExec2036747642] Erreur 1
make: *** [cmTryCompileExec2036747642/fast] Erreur 2


